<?xml version="1.0" encoding="UTF-8" ?>
<testsuite failures="0" time="2.282" errors="0" skipped="3" tests="4" name="com.chenlb.mmseg4j.analysis.AnalyzerTest">
  <properties>
    <property name="java.runtime.name" value="Java(TM) SE Runtime Environment"/>
    <property name="sun.boot.library.path" value="C:\Program Files (x86)\Java\jdk1.7.0_60\jre\bin"/>
    <property name="java.vm.version" value="24.60-b04"/>
    <property name="user.country.format" value="CN"/>
    <property name="java.vm.vendor" value="Oracle Corporation"/>
    <property name="java.vendor.url" value="http://java.oracle.com/"/>
    <property name="path.separator" value=";"/>
    <property name="guice.disable.misplaced.annotation.check" value="true"/>
    <property name="java.vm.name" value="Java HotSpot(TM) Client VM"/>
    <property name="file.encoding.pkg" value="sun.io"/>
    <property name="user.script" value=""/>
    <property name="user.country" value="US"/>
    <property name="sun.java.launcher" value="SUN_STANDARD"/>
    <property name="sun.os.patch.level" value="Service Pack 2"/>
    <property name="java.vm.specification.name" value="Java Virtual Machine Specification"/>
    <property name="user.dir" value="J:\My Documents\Downloads\mmseg4j-1.9.1\mmseg4j-1.9.1\mmseg4j-analysis"/>
    <property name="java.runtime.version" value="1.7.0_60-ea-b02"/>
    <property name="java.awt.graphicsenv" value="sun.awt.Win32GraphicsEnvironment"/>
    <property name="java.endorsed.dirs" value="C:\Program Files (x86)\Java\jdk1.7.0_60\jre\lib\endorsed"/>
    <property name="os.arch" value="x86"/>
    <property name="java.io.tmpdir" value="C:\DOCUME~1\ADMINI~1.HOM\LOCALS~1\Temp\"/>
    <property name="line.separator" value="
"/>
    <property name="java.vm.specification.vendor" value="Oracle Corporation"/>
    <property name="user.variant" value=""/>
    <property name="os.name" value="Windows XP"/>
    <property name="classworlds.conf" value="J:\maven\bin\..\bin\m2.conf"/>
    <property name="sun.jnu.encoding" value="GB18030"/>
    <property name="java.library.path" value="C:\Program Files (x86)\Java\jdk1.7.0_60\bin;C:\WINDOWS\Sun\Java\bin;C:\WINDOWS\system32;C:\WINDOWS;C:\WINDOWS\system32;C:\WINDOWS;C:\WINDOWS\System32\Wbem;C:\Program Files (x86)\ATI Technologies\ATI.ACE\Core-Static;C:\Program Files (x86)\MacType;C:\Program Files\TortoiseSVN\bin;C:\Program Files (x86)\Java\jre7\bin;J:\wamp\bin\php\php5.4.3;J:\wamp\bin\mongo\bin;j:\Program Files\nodejs\;C:\Documents and Settings\All Users\Application Data\ComposerSetup\bin;C:\Program Files (x86)\Git\bin;C:\Program Files (x86)\Git\cmd;J:\maven\bin;C:\Documents and Settings\Administrator.HOME-BOB\Application Data\npm;C:\MinGW\bin;."/>
    <property name="java.specification.name" value="Java Platform API Specification"/>
    <property name="java.class.version" value="51.0"/>
    <property name="sun.management.compiler" value="HotSpot Client Compiler"/>
    <property name="os.version" value="5.2"/>
    <property name="user.home" value="C:\Documents and Settings\Administrator.HOME-BOB"/>
    <property name="user.timezone" value="Asia/Shanghai"/>
    <property name="java.awt.printerjob" value="sun.awt.windows.WPrinterJob"/>
    <property name="java.specification.version" value="1.7"/>
    <property name="file.encoding" value="GB18030"/>
    <property name="user.name" value="Administrator"/>
    <property name="java.class.path" value="J:\maven\bin\..\boot\plexus-classworlds-2.5.1.jar"/>
    <property name="org.slf4j.simpleLogger.defaultLogLevel" value="info"/>
    <property name="java.vm.specification.version" value="1.7"/>
    <property name="sun.arch.data.model" value="32"/>
    <property name="java.home" value="C:\Program Files (x86)\Java\jdk1.7.0_60\jre"/>
    <property name="sun.java.command" value="org.codehaus.plexus.classworlds.launcher.Launcher package"/>
    <property name="java.specification.vendor" value="Oracle Corporation"/>
    <property name="user.language" value="en"/>
    <property name="user.language.format" value="zh"/>
    <property name="awt.toolkit" value="sun.awt.windows.WToolkit"/>
    <property name="java.vm.info" value="mixed mode, sharing"/>
    <property name="java.version" value="1.7.0_60-ea"/>
    <property name="java.ext.dirs" value="C:\Program Files (x86)\Java\jdk1.7.0_60\jre\lib\ext;C:\WINDOWS\Sun\Java\lib\ext"/>
    <property name="sun.boot.class.path" value="C:\Program Files (x86)\Java\jdk1.7.0_60\jre\lib\resources.jar;C:\Program Files (x86)\Java\jdk1.7.0_60\jre\lib\rt.jar;C:\Program Files (x86)\Java\jdk1.7.0_60\jre\lib\sunrsasign.jar;C:\Program Files (x86)\Java\jdk1.7.0_60\jre\lib\jsse.jar;C:\Program Files (x86)\Java\jdk1.7.0_60\jre\lib\jce.jar;C:\Program Files (x86)\Java\jdk1.7.0_60\jre\lib\charsets.jar;C:\Program Files (x86)\Java\jdk1.7.0_60\jre\lib\jfr.jar;C:\Program Files (x86)\Java\jdk1.7.0_60\jre\classes"/>
    <property name="java.vendor" value="Oracle Corporation"/>
    <property name="maven.home" value="J:\maven\bin\.."/>
    <property name="file.separator" value="\"/>
    <property name="java.vendor.url.bug" value="http://bugreport.sun.com/bugreport/"/>
    <property name="sun.cpu.endian" value="little"/>
    <property name="sun.io.unicode.encoding" value="UnicodeLittle"/>
    <property name="sun.desktop" value="windows"/>
    <property name="sun.cpu.isalist" value=""/>
  </properties>
  <testcase time="0.094" classname="com.chenlb.mmseg4j.analysis.AnalyzerTest" name="testComplex">
    <skipped/>
  </testcase>
  <testcase time="0.094" classname="com.chenlb.mmseg4j.analysis.AnalyzerTest" name="testSimple">
    <skipped/>
  </testcase>
  <testcase time="1.047" classname="com.chenlb.mmseg4j.analysis.AnalyzerTest" name="testCutLeeterDigitFilter"/>
  <testcase time="1.047" classname="com.chenlb.mmseg4j.analysis.AnalyzerTest" name="testMaxWord">
    <skipped/>
  </testcase>
</testsuite>